# JRE version: OpenJDK Runtime Environment (8.0_212-b04) (build 1.8.0_212-release-1586-b04)
# Java VM: OpenJDK 64-Bit Server VM (25.212-b04 mixed mode windows-amd64 compressed oops)
Heap:
 PSYoungGen      total 212480K, used 85756K [0x00000000e0000000, 0x00000000f0c00000, 0x0000000100000000)
  eden space 160768K, 25% used [0x00000000e0000000,0x00000000e287f9f0,0x00000000e9d00000)
  from space 51712K, 85% used [0x00000000ea000000,0x00000000ecb3f648,0x00000000ed280000)
  to   space 56832K, 0% used [0x00000000ed480000,0x00000000ed480000,0x00000000f0c00000)
 ParOldGen       total 258048K, used 54911K [0x00000000a0000000, 0x00000000afc00000, 0x00000000e0000000)
  object space 258048K, 21% used [0x00000000a0000000,0x00000000a359fdd0,0x00000000afc00000)
 Metaspace       used 90258K, capacity 96290K, committed 96384K, reserved 1132544K
  class space    used 11743K, capacity 12862K, committed 12928K, reserved 1048576K
GC Heap History (10 events):
Event: 463.322 GC heap before
{Heap before GC invocations=20 (full 3):
 PSYoungGen      total 214528K, used 210772K [0x00000000e0000000, 0x00000000efb00000, 0x0000000100000000)
  eden space 179200K, 100% used [0x00000000e0000000,0x00000000eaf00000,0x00000000eaf00000)
  from space 35328K, 89% used [0x00000000ed500000,0x00000000ef3d5390,0x00000000ef780000)
  to   space 38912K, 0% used [0x00000000eaf00000,0x00000000eaf00000,0x00000000ed500000)
 ParOldGen       total 258048K, used 54871K [0x00000000a0000000, 0x00000000afc00000, 0x00000000e0000000)
  object space 258048K, 21% used [0x00000000a0000000,0x00000000a3595dd0,0x00000000afc00000)
 Metaspace       used 83438K, capacity 88774K, committed 88960K, reserved 1126400K
  class space    used 10857K, capacity 11855K, committed 11904K, reserved 1048576K
Event: 463.352 GC heap after
Heap after GC invocations=20 (full 3):
 PSYoungGen      total 203776K, used 28615K [0x00000000e0000000, 0x00000000efa00000, 0x0000000100000000)
  eden space 175104K, 0% used [0x00000000e0000000,0x00000000e0000000,0x00000000eab00000)
  from space 28672K, 99% used [0x00000000eaf00000,0x00000000ecaf1cc8,0x00000000ecb00000)
  to   space 40448K, 0% used [0x00000000ed280000,0x00000000ed280000,0x00000000efa00000)
 ParOldGen       total 258048K, used 54879K [0x00000000a0000000, 0x00000000afc00000, 0x00000000e0000000)
  object space 258048K, 21% used [0x00000000a0000000,0x00000000a3597dd0,0x00000000afc00000)
 Metaspace       used 83438K, capacity 88774K, committed 88960K, reserved 1126400K
  class space    used 10857K, capacity 11855K, committed 11904K, reserved 1048576K
}
Event: 486.944 GC heap before
{Heap before GC invocations=21 (full 3):
 PSYoungGen      total 203776K, used 203719K [0x00000000e0000000, 0x00000000efa00000, 0x0000000100000000)
  eden space 175104K, 100% used [0x00000000e0000000,0x00000000eab00000,0x00000000eab00000)
  from space 28672K, 99% used [0x00000000eaf00000,0x00000000ecaf1cc8,0x00000000ecb00000)
  to   space 40448K, 0% used [0x00000000ed280000,0x00000000ed280000,0x00000000efa00000)
 ParOldGen       total 258048K, used 54879K [0x00000000a0000000, 0x00000000afc00000, 0x00000000e0000000)
  object space 258048K, 21% used [0x00000000a0000000,0x00000000a3597dd0,0x00000000afc00000)
 Metaspace       used 83639K, capacity 88996K, committed 89216K, reserved 1126400K
  class space    used 10874K, capacity 11875K, committed 11904K, reserved 1048576K
Event: 487.022 GC heap after
Heap after GC invocations=21 (full 3):
 PSYoungGen      total 211968K, used 32024K [0x00000000e0000000, 0x00000000efc80000, 0x0000000100000000)
  eden space 171520K, 0% used [0x00000000e0000000,0x00000000e0000000,0x00000000ea780000)
  from space 40448K, 79% used [0x00000000ed280000,0x00000000ef1c63b0,0x00000000efa00000)
  to   space 43520K, 0% used [0x00000000ea780000,0x00000000ea780000,0x00000000ed200000)
 ParOldGen       total 258048K, used 54887K [0x00000000a0000000, 0x00000000afc00000, 0x00000000e0000000)
  object space 258048K, 21% used [0x00000000a0000000,0x00000000a3599dd0,0x00000000afc00000)
 Metaspace       used 83639K, capacity 88996K, committed 89216K, reserved 1126400K
  class space    used 10874K, capacity 11875K, committed 11904K, reserved 1048576K
}
Event: 1413.435 GC heap before
{Heap before GC invocations=22 (full 3):
 PSYoungGen      total 211968K, used 203544K [0x00000000e0000000, 0x00000000efc80000, 0x0000000100000000)
  eden space 171520K, 100% used [0x00000000e0000000,0x00000000ea780000,0x00000000ea780000)
  from space 40448K, 79% used [0x00000000ed280000,0x00000000ef1c63b0,0x00000000efa00000)
  to   space 43520K, 0% used [0x00000000ea780000,0x00000000ea780000,0x00000000ed200000)
 ParOldGen       total 258048K, used 54887K [0x00000000a0000000, 0x00000000afc00000, 0x00000000e0000000)
  object space 258048K, 21% used [0x00000000a0000000,0x00000000a3599dd0,0x00000000afc00000)
 Metaspace       used 86184K, capacity 91908K, committed 92288K, reserved 1128448K
  class space    used 11219K, capacity 12291K, committed 12416K, reserved 1048576K
Event: 1413.472 GC heap after
Heap after GC invocations=22 (full 3):
 PSYoungGen      total 211456K, used 37552K [0x00000000e0000000, 0x00000000f0100000, 0x0000000100000000)
  eden space 167936K, 0% used [0x00000000e0000000,0x00000000e0000000,0x00000000ea400000)
  from space 43520K, 86% used [0x00000000ea780000,0x00000000ecc2c180,0x00000000ed200000)
  to   space 47616K, 0% used [0x00000000ed280000,0x00000000ed280000,0x00000000f0100000)
 ParOldGen       total 258048K, used 54895K [0x00000000a0000000, 0x00000000afc00000, 0x00000000e0000000)
  object space 258048K, 21% used [0x00000000a0000000,0x00000000a359bdd0,0x00000000afc00000)
 Metaspace       used 86184K, capacity 91908K, committed 92288K, reserved 1128448K
  class space    used 11219K, capacity 12291K, committed 12416K, reserved 1048576K
}
Event: 1420.569 GC heap before
{Heap before GC invocations=23 (full 3):
 PSYoungGen      total 211456K, used 205488K [0x00000000e0000000, 0x00000000f0100000, 0x0000000100000000)
  eden space 167936K, 100% used [0x00000000e0000000,0x00000000ea400000,0x00000000ea400000)
  from space 43520K, 86% used [0x00000000ea780000,0x00000000ecc2c180,0x00000000ed200000)
  to   space 47616K, 0% used [0x00000000ed280000,0x00000000ed280000,0x00000000f0100000)
 ParOldGen       total 258048K, used 54895K [0x00000000a0000000, 0x00000000afc00000, 0x00000000e0000000)
  object space 258048K, 21% used [0x00000000a0000000,0x00000000a359bdd0,0x00000000afc00000)
 Metaspace       used 88038K, capacity 93956K, committed 94208K, reserved 1130496K
  class space    used 11405K, capacity 12491K, committed 12544K, reserved 1048576K
Event: 1420.595 GC heap after
Heap after GC invocations=23 (full 3):
 PSYoungGen      total 211456K, used 40889K [0x00000000e0000000, 0x00000000f0580000, 0x0000000100000000)
  eden space 163840K, 0% used [0x00000000e0000000,0x00000000e0000000,0x00000000ea000000)
  from space 47616K, 85% used [0x00000000ed280000,0x00000000efa6e408,0x00000000f0100000)
  to   space 51712K, 0% used [0x00000000ea000000,0x00000000ea000000,0x00000000ed280000)
 ParOldGen       total 258048K, used 54903K [0x00000000a0000000, 0x00000000afc00000, 0x00000000e0000000)
  object space 258048K, 21% used [0x00000000a0000000,0x00000000a359ddd0,0x00000000afc00000)
 Metaspace       used 88038K, capacity 93956K, committed 94208K, reserved 1130496K
  class space    used 11405K, capacity 12491K, committed 12544K, reserved 1048576K
}
Event: 1423.959 GC heap before
{Heap before GC invocations=24 (full 3):
 PSYoungGen      total 211456K, used 204729K [0x00000000e0000000, 0x00000000f0580000, 0x0000000100000000)
  eden space 163840K, 100% used [0x00000000e0000000,0x00000000ea000000,0x00000000ea000000)
  from space 47616K, 85% used [0x00000000ed280000,0x00000000efa6e408,0x00000000f0100000)
  to   space 51712K, 0% used [0x00000000ea000000,0x00000000ea000000,0x00000000ed280000)
 ParOldGen       total 258048K, used 54903K [0x00000000a0000000, 0x00000000afc00000, 0x00000000e0000000)
  object space 258048K, 21% used [0x00000000a0000000,0x00000000a359ddd0,0x00000000afc00000)
 Metaspace       used 89839K, capacity 95772K, committed 96128K, reserved 1132544K
  class space    used 11689K, capacity 12801K, committed 12928K, reserved 1048576K
Event: 1424.001 GC heap after
Heap after GC invocations=24 (full 3):
 PSYoungGen      total 212480K, used 44285K [0x00000000e0000000, 0x00000000f0c00000, 0x0000000100000000)
  eden space 160768K, 0% used [0x00000000e0000000,0x00000000e0000000,0x00000000e9d00000)
  from space 51712K, 85% used [0x00000000ea000000,0x00000000ecb3f648,0x00000000ed280000)
  to   space 56832K, 0% used [0x00000000ed480000,0x00000000ed480000,0x00000000f0c00000)
 ParOldGen       total 258048K, used 54911K [0x00000000a0000000, 0x00000000afc00000, 0x00000000e0000000)
  object space 258048K, 21% used [0x00000000a0000000,0x00000000a359fdd0,0x00000000afc00000)
 Metaspace       used 89839K, capacity 95772K, committed 96128K, reserved 1132544K
  class space    used 11689K, capacity 12801K, committed 12928K, reserved 1048576K
}

