# JRE version: OpenJDK Runtime Environment (8.0_212-b04) (build 1.8.0_212-release-1586-b04)
# Java VM: OpenJDK 64-Bit Server VM (25.212-b04 mixed mode windows-amd64 compressed oops)
Heap:
 PSYoungGen      total 291840K, used 236920K [0x00000000e0000000, 0x00000000f3b80000, 0x0000000100000000)
  eden space 260608K, 90% used [0x00000000e0000000,0x00000000ee55e1f0,0x00000000efe80000)
  from space 31232K, 6% used [0x00000000efe80000,0x00000000f0080000,0x00000000f1d00000)
  to   space 30208K, 0% used [0x00000000f1e00000,0x00000000f1e00000,0x00000000f3b80000)
 ParOldGen       total 199168K, used 87047K [0x00000000a0000000, 0x00000000ac280000, 0x00000000e0000000)
  object space 199168K, 43% used [0x00000000a0000000,0x00000000a5501f20,0x00000000ac280000)
 Metaspace       used 85411K, capacity 89680K, committed 89856K, reserved 1126400K
  class space    used 11452K, capacity 12223K, committed 12288K, reserved 1048576K
GC Heap History (10 events):
Event: 30.174 GC heap before
{Heap before GC invocations=18 (full 3):
 PSYoungGen      total 290816K, used 278853K [0x00000000e0000000, 0x00000000f3b80000, 0x0000000100000000)
  eden space 260608K, 100% used [0x00000000e0000000,0x00000000efe80000,0x00000000efe80000)
  from space 30208K, 60% used [0x00000000f1e00000,0x00000000f2fd1518,0x00000000f3b80000)
  to   space 31232K, 0% used [0x00000000efe80000,0x00000000efe80000,0x00000000f1d00000)
 ParOldGen       total 199168K, used 62100K [0x00000000a0000000, 0x00000000ac280000, 0x00000000e0000000)
  object space 199168K, 31% used [0x00000000a0000000,0x00000000a3ca50a0,0x00000000ac280000)
 Metaspace       used 83212K, capacity 87282K, committed 87552K, reserved 1124352K
  class space    used 11235K, capacity 11994K, committed 12032K, reserved 1048576K
Event: 30.247 GC heap after
Heap after GC invocations=18 (full 3):
 PSYoungGen      total 291840K, used 27774K [0x00000000e0000000, 0x00000000f3b80000, 0x0000000100000000)
  eden space 260608K, 0% used [0x00000000e0000000,0x00000000e0000000,0x00000000efe80000)
  from space 31232K, 88% used [0x00000000efe80000,0x00000000f199f998,0x00000000f1d00000)
  to   space 30208K, 0% used [0x00000000f1e00000,0x00000000f1e00000,0x00000000f3b80000)
 ParOldGen       total 199168K, used 62108K [0x00000000a0000000, 0x00000000ac280000, 0x00000000e0000000)
  object space 199168K, 31% used [0x00000000a0000000,0x00000000a3ca70a0,0x00000000ac280000)
 Metaspace       used 83212K, capacity 87282K, committed 87552K, reserved 1124352K
  class space    used 11235K, capacity 11994K, committed 12032K, reserved 1048576K
}
Event: 31.823 GC heap before
{Heap before GC invocations=19 (full 3):
 PSYoungGen      total 291840K, used 288382K [0x00000000e0000000, 0x00000000f3b80000, 0x0000000100000000)
  eden space 260608K, 100% used [0x00000000e0000000,0x00000000efe80000,0x00000000efe80000)
  from space 31232K, 88% used [0x00000000efe80000,0x00000000f199f998,0x00000000f1d00000)
  to   space 30208K, 0% used [0x00000000f1e00000,0x00000000f1e00000,0x00000000f3b80000)
 ParOldGen       total 199168K, used 62108K [0x00000000a0000000, 0x00000000ac280000, 0x00000000e0000000)
  object space 199168K, 31% used [0x00000000a0000000,0x00000000a3ca70a0,0x00000000ac280000)
 Metaspace       used 83852K, capacity 87940K, committed 88192K, reserved 1126400K
  class space    used 11310K, capacity 12059K, committed 12160K, reserved 1048576K
Event: 31.852 GC heap after
Heap after GC invocations=19 (full 3):
 PSYoungGen      total 290816K, used 16202K [0x00000000e0000000, 0x00000000f3b80000, 0x0000000100000000)
  eden space 260608K, 0% used [0x00000000e0000000,0x00000000e0000000,0x00000000efe80000)
  from space 30208K, 53% used [0x00000000f1e00000,0x00000000f2dd2908,0x00000000f3b80000)
  to   space 31232K, 0% used [0x00000000efe80000,0x00000000efe80000,0x00000000f1d00000)
 ParOldGen       total 199168K, used 70023K [0x00000000a0000000, 0x00000000ac280000, 0x00000000e0000000)
  object space 199168K, 35% used [0x00000000a0000000,0x00000000a4461c08,0x00000000ac280000)
 Metaspace       used 83852K, capacity 87940K, committed 88192K, reserved 1126400K
  class space    used 11310K, capacity 12059K, committed 12160K, reserved 1048576K
}
Event: 32.795 GC heap before
{Heap before GC invocations=20 (full 3):
 PSYoungGen      total 290816K, used 276810K [0x00000000e0000000, 0x00000000f3b80000, 0x0000000100000000)
  eden space 260608K, 100% used [0x00000000e0000000,0x00000000efe80000,0x00000000efe80000)
  from space 30208K, 53% used [0x00000000f1e00000,0x00000000f2dd2908,0x00000000f3b80000)
  to   space 31232K, 0% used [0x00000000efe80000,0x00000000efe80000,0x00000000f1d00000)
 ParOldGen       total 199168K, used 70023K [0x00000000a0000000, 0x00000000ac280000, 0x00000000e0000000)
  object space 199168K, 35% used [0x00000000a0000000,0x00000000a4461c08,0x00000000ac280000)
 Metaspace       used 84526K, capacity 88634K, committed 88704K, reserved 1126400K
  class space    used 11392K, capacity 12160K, committed 12160K, reserved 1048576K
Event: 32.833 GC heap after
Heap after GC invocations=20 (full 3):
 PSYoungGen      total 291840K, used 21439K [0x00000000e0000000, 0x00000000f3b80000, 0x0000000100000000)
  eden space 260608K, 0% used [0x00000000e0000000,0x00000000e0000000,0x00000000efe80000)
  from space 31232K, 68% used [0x00000000efe80000,0x00000000f136fd38,0x00000000f1d00000)
  to   space 30208K, 0% used [0x00000000f1e00000,0x00000000f1e00000,0x00000000f3b80000)
 ParOldGen       total 199168K, used 75475K [0x00000000a0000000, 0x00000000ac280000, 0x00000000e0000000)
  object space 199168K, 37% used [0x00000000a0000000,0x00000000a49b4d28,0x00000000ac280000)
 Metaspace       used 84526K, capacity 88634K, committed 88704K, reserved 1126400K
  class space    used 11392K, capacity 12160K, committed 12160K, reserved 1048576K
}
Event: 36.452 GC heap before
{Heap before GC invocations=21 (full 3):
 PSYoungGen      total 291840K, used 282047K [0x00000000e0000000, 0x00000000f3b80000, 0x0000000100000000)
  eden space 260608K, 100% used [0x00000000e0000000,0x00000000efe80000,0x00000000efe80000)
  from space 31232K, 68% used [0x00000000efe80000,0x00000000f136fd38,0x00000000f1d00000)
  to   space 30208K, 0% used [0x00000000f1e00000,0x00000000f1e00000,0x00000000f3b80000)
 ParOldGen       total 199168K, used 75475K [0x00000000a0000000, 0x00000000ac280000, 0x00000000e0000000)
  object space 199168K, 37% used [0x00000000a0000000,0x00000000a49b4d28,0x00000000ac280000)
 Metaspace       used 84999K, capacity 89336K, committed 89600K, reserved 1126400K
  class space    used 11438K, capacity 12223K, committed 12288K, reserved 1048576K
Event: 36.510 GC heap after
Heap after GC invocations=21 (full 3):
 PSYoungGen      total 290816K, used 11105K [0x00000000e0000000, 0x00000000f3b80000, 0x0000000100000000)
  eden space 260608K, 0% used [0x00000000e0000000,0x00000000e0000000,0x00000000efe80000)
  from space 30208K, 36% used [0x00000000f1e00000,0x00000000f28d86d0,0x00000000f3b80000)
  to   space 31232K, 0% used [0x00000000efe80000,0x00000000efe80000,0x00000000f1d00000)
 ParOldGen       total 199168K, used 79501K [0x00000000a0000000, 0x00000000ac280000, 0x00000000e0000000)
  object space 199168K, 39% used [0x00000000a0000000,0x00000000a4da3540,0x00000000ac280000)
 Metaspace       used 84999K, capacity 89336K, committed 89600K, reserved 1126400K
  class space    used 11438K, capacity 12223K, committed 12288K, reserved 1048576K
}
Event: 41.684 GC heap before
{Heap before GC invocations=22 (full 3):
 PSYoungGen      total 290816K, used 271713K [0x00000000e0000000, 0x00000000f3b80000, 0x0000000100000000)
  eden space 260608K, 100% used [0x00000000e0000000,0x00000000efe80000,0x00000000efe80000)
  from space 30208K, 36% used [0x00000000f1e00000,0x00000000f28d86d0,0x00000000f3b80000)
  to   space 31232K, 0% used [0x00000000efe80000,0x00000000efe80000,0x00000000f1d00000)
 ParOldGen       total 199168K, used 79501K [0x00000000a0000000, 0x00000000ac280000, 0x00000000e0000000)
  object space 199168K, 39% used [0x00000000a0000000,0x00000000a4da3540,0x00000000ac280000)
 Metaspace       used 85039K, capacity 89336K, committed 89600K, reserved 1126400K
  class space    used 11438K, capacity 12223K, committed 12288K, reserved 1048576K
Event: 41.713 GC heap after
Heap after GC invocations=22 (full 3):
 PSYoungGen      total 291840K, used 2048K [0x00000000e0000000, 0x00000000f3b80000, 0x0000000100000000)
  eden space 260608K, 0% used [0x00000000e0000000,0x00000000e0000000,0x00000000efe80000)
  from space 31232K, 6% used [0x00000000efe80000,0x00000000f0080000,0x00000000f1d00000)
  to   space 30208K, 0% used [0x00000000f1e00000,0x00000000f1e00000,0x00000000f3b80000)
 ParOldGen       total 199168K, used 87047K [0x00000000a0000000, 0x00000000ac280000, 0x00000000e0000000)
  object space 199168K, 43% used [0x00000000a0000000,0x00000000a5501f20,0x00000000ac280000)
 Metaspace       used 85039K, capacity 89336K, committed 89600K, reserved 1126400K
  class space    used 11438K, capacity 12223K, committed 12288K, reserved 1048576K
}

